<?xml version="1.0" encoding="UTF-8"?>
<testng-results ignored="0" total="1" passed="1" failed="0" skipped="0">
  <reporter-output>
  </reporter-output>
  <suite started-at="2022-02-28T15:50:06 IST" name="Default suite" finished-at="2022-02-28T15:50:07 IST" duration-ms="140">
    <groups>
    </groups>
    <test started-at="2022-02-28T15:50:06 IST" name="Default test" finished-at="2022-02-28T15:50:07 IST" duration-ms="140">
      <class name="testNG.A">
        <test-method is-config="true" signature="beforeTest()[pri:0, instance:testNG.A@470f1802]" started-at="2022-02-28T15:50:06 IST" name="beforeTest" finished-at="2022-02-28T15:50:06 IST" duration-ms="18" status="PASS">
          <reporter-output>
          </reporter-output>
        </test-method> <!-- beforeTest -->
        <test-method signature="f()[pri:0, instance:testNG.A@470f1802]" started-at="2022-02-28T15:50:07 IST" name="f" finished-at="2022-02-28T15:50:07 IST" duration-ms="11" status="PASS">
          <reporter-output>
          </reporter-output>
        </test-method> <!-- f -->
        <test-method is-config="true" signature="afterTest()[pri:0, instance:testNG.A@470f1802]" started-at="2022-02-28T15:50:07 IST" name="afterTest" finished-at="2022-02-28T15:50:07 IST" duration-ms="1" status="PASS">
          <reporter-output>
          </reporter-output>
        </test-method> <!-- afterTest -->
      </class> <!-- testNG.A -->
    </test> <!-- Default test -->
  </suite> <!-- Default suite -->
</testng-results>
