<?xml version="1.0" encoding="UTF-8"?>
<!-- Generated by org.testng.reporters.JUnitXMLReporter -->
<testsuite ignored="0" hostname="DESKTOP-6BI0L5O" failures="0" tests="3" name="Test" time="50.026" errors="0" timestamp="2021-07-21T12:30:09 IST">
  <testcase classname="testNG.ParallelExecution_BlazeDemo" name="BlazeDemo" time="27.413"/>
  <testcase classname="testNG.ParallelExecution_Guru99" name="Guru99" time="36.067"/>
  <testcase classname="testNG.ParallelExecution_OrangeHRM" name="OrangeHRM" time="39.909"/>
</testsuite> <!-- Test -->
